#
# A fatal error has been detected by the Java Runtime Environment:
#
#  EXCEPTION_UNCAUGHT_CXX_EXCEPTION (0xe06d7363) at pc=0x00007ffc58cc3e49, pid=27928, tid=29760
#
# JRE version: Java(TM) SE Runtime Environment 18.9 (11.0.22+9) (build 11.0.22+9-LTS-219)
# Java VM: Java HotSpot(TM) 64-Bit Server VM 18.9 (11.0.22+9-LTS-219, mixed mode, tiered, compressed oops, g1 gc, windows-amd64)
# Problematic frame:
# C  [KERNELBASE.dll+0x23e49]
#
# No core dump will be written. Minidumps are not enabled by default on client versions of Windows
#
# If you would like to submit a bug report, please visit:
#   https://bugreport.java.com/bugreport/crash.jsp
# The crash happened outside the Java Virtual Machine in native code.
# See problematic frame for where to report the bug.
#

---------------  S U M M A R Y ------------

Command Line: -Djava.system.class.loader=org.update4j.DynamicClassLoader -Dlog4j.configurationFile=C:\Users\PC\Desktop\Cosider_Project_GC\.venv\lib\site-packages\pyreportjasper\libs\log4j2.xml -XX:InitialHeapSize=512M -XX:CompressedClassSpaceSize=64M -XX:MaxMetaspaceSize=128M -Xmx512M 

Host: Intel(R) Core(TM) i7-7500U CPU @ 2.70GHz, 4 cores, 7G,  Windows 10 , 64 bit Build 19041 (10.0.19041.546)
Time: Thu Aug  8 12:03:17 2024 Europe de l’Ouest (heure d’été) elapsed time: 12.724242 seconds (0d 0h 0m 12s)

---------------  T H R E A D  ---------------

Current thread (0x00000230393dd800):  JavaThread "main" [_thread_in_native, id=29760, stack(0x000000ee4d0f0000,0x000000ee4d2e0000)]

Stack: [0x000000ee4d0f0000,0x000000ee4d2e0000],  sp=0x000000ee4d2d0390,  free space=1920k
Native frames: (J=compiled Java code, j=interpreted, Vv=VM code, C=native code)
C  [KERNELBASE.dll+0x23e49]
C  [VCRUNTIME140_1.dll+0x2743]
C  [ntdll.dll+0xa0486]
C  [_jpype.cp39-win_amd64.pyd+0x3c6a5]
C  [_jpype.cp39-win_amd64.pyd+0x3cf22]
C  [_jpype.cp39-win_amd64.pyd+0x2be1b]
C  0x000002304362f2d7

Java frames: (J=compiled Java code, j=interpreted, Vv=VM code)
j  org.jpype.manager.TypeFactoryNative.newWrapper(JJ)V+0
j  org.jpype.JPypeContext.newWrapper(J)V+16
v  ~StubRoutines::call_stub

siginfo: EXCEPTION_UNCAUGHT_CXX_EXCEPTION (0xe06d7363), ExceptionInformation=0x0000000019930520 0x000000ee4d2d27b8 0x00007ffc192190a0 0x00007ffc191b0000 


Register to memory mapping:

RIP=0x00007ffc58cc3e49 KERNELBASE.dll
RAX=0x0000023056cb7840 points into unknown readable memory: 0x0000023056bf2090 | 90 20 bf 56 30 02 00 00
RBX=0x000000ee4d2d1e00 is pointing into the stack for thread: 0x00000230393dd800
RCX=0x00000230393dd800 is a thread
RDX=0x0 is NULL
RSP=0x000000ee4d2d0390 is pointing into the stack for thread: 0x00000230393dd800
RBP=0x000000ee4d2d0a70 is pointing into the stack for thread: 0x00000230393dd800
RSI=0x000000ee4d2d2650 is pointing into the stack for thread: 0x00000230393dd800
RDI=0x000000ee4d2d1210 is pointing into the stack for thread: 0x00000230393dd800
R8 =0x000000000000003f is an unknown value
R9 =0x000000ee4d2d1f20 is pointing into the stack for thread: 0x00000230393dd800
R10=0x000000ee4d2d1f24 is pointing into the stack for thread: 0x00000230393dd800
R11=0x00000230393dd800 is a thread
R12=0x0 is NULL
R13=0x000000ee4d2d04f8 is pointing into the stack for thread: 0x00000230393dd800
R14=0x0000000000000002 is an unknown value
R15=0x000000ee4d2d1378 is pointing into the stack for thread: 0x00000230393dd800


Registers:
RAX=0x0000023056cb7840, RBX=0x000000ee4d2d1e00, RCX=0x00000230393dd800, RDX=0x0000000000000000
RSP=0x000000ee4d2d0390, RBP=0x000000ee4d2d0a70, RSI=0x000000ee4d2d2650, RDI=0x000000ee4d2d1210
R8 =0x000000000000003f, R9 =0x000000ee4d2d1f20, R10=0x000000ee4d2d1f24, R11=0x00000230393dd800
R12=0x0000000000000000, R13=0x000000ee4d2d04f8, R14=0x0000000000000002, R15=0x000000ee4d2d1378
RIP=0x00007ffc58cc3e49, EFLAGS=0x0000000000000206

Top of Stack: (sp=0x000000ee4d2d0390)
0x000000ee4d2d0390:   0000000000000000 000000ee4d2d1e00
0x000000ee4d2d03a0:   000000ee4d2d2650 00007ffc191cbdb1
0x000000ee4d2d03b0:   00000001e06d7363 0000000000000000
0x000000ee4d2d03c0:   00007ffc58cc3e49 0000000000000004
0x000000ee4d2d03d0:   0000000019930520 000000ee4d2d27b8
0x000000ee4d2d03e0:   00007ffc192190a0 00007ffc191b0000
0x000000ee4d2d03f0:   000016e14d833a16 00007ffc19200472
0x000000ee4d2d0400:   000000ee4d2d1e00 00007ffc48973489
0x000000ee4d2d0410:   000000ee00000000 00000230382105c0
0x000000ee4d2d0420:   0000023039a7f110 0000023039a7f0e0
0x000000ee4d2d0430:   000000ee4d2d1210 00007ffc489733c9
0x000000ee4d2d0440:   000000ee4d2d1e00 000000ee4d2d2650
0x000000ee4d2d0450:   000059cce1096bc9 0000023039a7f0e0
0x000000ee4d2d0460:   000000ee4d2d1e00 00007ffc48972743
0x000000ee4d2d0470:   00007ffc19200430 000000ee4d2d1378
0x000000ee4d2d0480:   0000000000000100 00007ffc09aa47e6 

Instructions: (pc=0x00007ffc58cc3e49)
0x00007ffc58cc3e29:   8b d1 44 0f 47 c0 44 89 44 24 38 49 c1 e0 03 e8
0x00007ffc58cc3e39:   da c5 06 00 48 8d 4c 24 20 48 ff 15 ff ab 19 00
0x00007ffc58cc3e49:   0f 1f 44 00 00 48 8b 8c 24 c0 00 00 00 48 33 cc
0x00007ffc58cc3e59:   e8 32 8c 06 00 48 81 c4 d8 00 00 00 c3 cc 83 64 


Stack slot to memory mapping:
stack at sp + 0 slots: 0x0 is NULL
stack at sp + 1 slots: 0x000000ee4d2d1e00 is pointing into the stack for thread: 0x00000230393dd800
stack at sp + 2 slots: 0x000000ee4d2d2650 is pointing into the stack for thread: 0x00000230393dd800
stack at sp + 3 slots: 0x00007ffc191cbdb1 _jpype.cp39-win_amd64.pyd
stack at sp + 4 slots: 0x00000001e06d7363 is an unknown value
stack at sp + 5 slots: 0x0 is NULL
stack at sp + 6 slots: 0x00007ffc58cc3e49 KERNELBASE.dll
stack at sp + 7 slots: 0x0000000000000004 is an unknown value


---------------  P R O C E S S  ---------------

Threads class SMR info:
_java_thread_list=0x0000023058039a90, length=10, elements={
0x00000230393dd800, 0x000002303a2ae800, 0x000002303a2b7800, 0x000002303a2c9800,
0x000002303a2ca800, 0x0000023037a78800, 0x0000023037a76800, 0x0000023056bfc800,
0x0000023056dc0000, 0x0000023057ac9800
}

Java Threads: ( => current thread )
=>0x00000230393dd800 JavaThread "main" [_thread_in_native, id=29760, stack(0x000000ee4d0f0000,0x000000ee4d2e0000)]
  0x000002303a2ae800 JavaThread "Reference Handler" daemon [_thread_blocked, id=29252, stack(0x000000ee4e640000,0x000000ee4e830000)]
  0x000002303a2b7800 JavaThread "Finalizer" daemon [_thread_blocked, id=31888, stack(0x000000ee4e830000,0x000000ee4ea20000)]
  0x000002303a2c9800 JavaThread "Attach Listener" daemon [_thread_blocked, id=15488, stack(0x000000ee4ec10000,0x000000ee4ee00000)]
  0x000002303a2ca800 JavaThread "Service Thread" daemon [_thread_blocked, id=124, stack(0x000000ee4ee00000,0x000000ee4eff0000)]
  0x0000023037a78800 JavaThread "C2 CompilerThread0" daemon [_thread_blocked, id=21948, stack(0x000000ee4eff0000,0x000000ee4f1e0000)]
  0x0000023037a76800 JavaThread "C1 CompilerThread0" daemon [_thread_blocked, id=15880, stack(0x000000ee4f1e0000,0x000000ee4f3d0000)]
  0x0000023056bfc800 JavaThread "Sweeper thread" daemon [_thread_blocked, id=21876, stack(0x000000ee4f3d0000,0x000000ee4f5c0000)]
  0x0000023056dc0000 JavaThread "Common-Cleaner" daemon [_thread_blocked, id=19532, stack(0x000000ee4f5c0000,0x000000ee4f7b0000)]
  0x0000023057ac9800 JavaThread "SIGINT handler" daemon [_thread_blocked, id=30700, stack(0x000000ee4fb90000,0x000000ee4fd80000)]

Other Threads:
  0x000002303a2ac000 VMThread "VM Thread" [stack: 0x000000ee4e450000,0x000000ee4e640000] [id=27124] _threads_hazard_ptr=0x0000023058039a90
  0x0000023039b57000 GCTaskThread "GC Thread#0" [stack: 0x000000ee4daa0000,0x000000ee4dc90000] [id=30224]
  0x000002305792b000 GCTaskThread "GC Thread#1" [stack: 0x000000ee4fd80000,0x000000ee4ff70000] [id=25912]
  0x0000023057788000 GCTaskThread "GC Thread#2" [stack: 0x000000ee4ff70000,0x000000ee50160000] [id=25260]
  0x0000023057788800 GCTaskThread "GC Thread#3" [stack: 0x000000ee50160000,0x000000ee50350000] [id=22596]
  0x0000023039ae2800 ConcurrentGCThread "G1 Main Marker" [stack: 0x000000ee4dc90000,0x000000ee4de80000] [id=29296]
  0x0000023039fae000 ConcurrentGCThread "G1 Conc#0" [stack: 0x000000ee4de80000,0x000000ee4e070000] [id=12028]
  0x000002303a122000 ConcurrentGCThread "G1 Refine#0" [stack: 0x000000ee4e070000,0x000000ee4e260000] [id=11092]
  0x000002303a125000 ConcurrentGCThread "G1 Young RemSet Sampling" [stack: 0x000000ee4e260000,0x000000ee4e450000] [id=19908]

Threads with active compile tasks:

VM state:at safepoint (normal execution)

VM Mutex/Monitor currently owned by a thread:  ([mutex/lock_event])
[0x000002303819a8c0] Threads_lock - owner thread: 0x000002303a2ac000

Heap address: 0x00000000e0000000, size: 512 MB, Compressed Oops mode: 32-bit
Narrow klass base: 0x0000000000000000, Narrow klass shift: 3
Compressed class space size: 67108864 Address: 0x0000000100000000

Heap:
 garbage-first heap   total 40960K, used 20096K [0x00000000e0000000, 0x0000000100000000)
  region size 1024K, 4 young (4096K), 1 survivors (1024K)
 Metaspace       used 18482K, capacity 18948K, committed 19072K, reserved 83968K
  class space    used 1942K, capacity 2129K, committed 2176K, reserved 65536K
Heap Regions: E=young(eden), S=young(survivor), O=old, HS=humongous(starts), HC=humongous(continues), CS=collection set, F=free, A=archive, TAMS=top-at-mark-start (previous, next)
|   0|0x00000000e0000000, 0x00000000e0100000, 0x00000000e0100000|100%|HS|  |TAMS 0x00000000e0100000, 0x00000000e0000000| Complete 
|   1|0x00000000e0100000, 0x00000000e01fffe0, 0x00000000e0200000| 99%| O|  |TAMS 0x00000000e01fffe0, 0x00000000e0100000| Untracked 
|   2|0x00000000e0200000, 0x00000000e02ff3e0, 0x00000000e0300000| 99%| O|  |TAMS 0x00000000e02ff3e0, 0x00000000e0200000| Untracked 
|   3|0x00000000e0300000, 0x00000000e03fcb18, 0x00000000e0400000| 98%| O|  |TAMS 0x00000000e03fcb18, 0x00000000e0300000| Untracked 
|   4|0x00000000e0400000, 0x00000000e04ffff0, 0x00000000e0500000| 99%| O|  |TAMS 0x00000000e04ffff0, 0x00000000e0400000| Untracked 
|   5|0x00000000e0500000, 0x00000000e05f9bd8, 0x00000000e0600000| 97%| O|  |TAMS 0x00000000e05f9bd8, 0x00000000e0500000| Untracked 
|   6|0x00000000e0600000, 0x00000000e0700000, 0x00000000e0700000|100%| O|  |TAMS 0x00000000e0700000, 0x00000000e0600000| Untracked 
|   7|0x00000000e0700000, 0x00000000e07fc558, 0x00000000e0800000| 98%| O|  |TAMS 0x00000000e07fc558, 0x00000000e0700000| Untracked 
|   8|0x00000000e0800000, 0x00000000e0900000, 0x00000000e0900000|100%| O|  |TAMS 0x00000000e0900000, 0x00000000e0800000| Untracked 
|   9|0x00000000e0900000, 0x00000000e09fffd0, 0x00000000e0a00000| 99%| O|  |TAMS 0x00000000e09fffd0, 0x00000000e0900000| Untracked 
|  10|0x00000000e0a00000, 0x00000000e0a596e8, 0x00000000e0b00000| 34%| O|  |TAMS 0x00000000e0a596e8, 0x00000000e0a00000| Untracked 
|  11|0x00000000e0b00000, 0x00000000e0b00000, 0x00000000e0c00000|  0%| F|  |TAMS 0x00000000e0b00000, 0x00000000e0b00000| Untracked 
|  12|0x00000000e0c00000, 0x00000000e0cfd160, 0x00000000e0d00000| 98%| O|  |TAMS 0x00000000e0cfd160, 0x00000000e0c00000| Untracked 
|  13|0x00000000e0d00000, 0x00000000e0e00000, 0x00000000e0e00000|100%| O|  |TAMS 0x00000000e0e00000, 0x00000000e0d00000| Untracked 
|  14|0x00000000e0e00000, 0x00000000e0effff0, 0x00000000e0f00000| 99%| O|  |TAMS 0x00000000e0effff0, 0x00000000e0e00000| Untracked 
|  15|0x00000000e0f00000, 0x00000000e0f3aa20, 0x00000000e1000000| 22%| O|  |TAMS 0x00000000e0f3aa20, 0x00000000e0f00000| Untracked 
|  16|0x00000000e1000000, 0x00000000e1000000, 0x00000000e1100000|  0%| F|  |TAMS 0x00000000e1000000, 0x00000000e1000000| Untracked 
|  17|0x00000000e1100000, 0x00000000e1200000, 0x00000000e1200000|100%| O|  |TAMS 0x00000000e1200000, 0x00000000e1100000| Untracked 
|  18|0x00000000e1200000, 0x00000000e1300000, 0x00000000e1300000|100%| O|  |TAMS 0x00000000e12b3c00, 0x00000000e1200000| Untracked 
|  19|0x00000000e1300000, 0x00000000e1400000, 0x00000000e1400000|100%| O|  |TAMS 0x00000000e1300000, 0x00000000e1300000| Untracked 
|  20|0x00000000e1400000, 0x00000000e14ac800, 0x00000000e1500000| 67%| O|  |TAMS 0x00000000e1400000, 0x00000000e1400000| Untracked 
|  21|0x00000000e1500000, 0x00000000e1500000, 0x00000000e1600000|  0%| F|  |TAMS 0x00000000e1500000, 0x00000000e1500000| Untracked 
|  22|0x00000000e1600000, 0x00000000e1600000, 0x00000000e1700000|  0%| F|  |TAMS 0x00000000e1600000, 0x00000000e1600000| Untracked 
|  23|0x00000000e1700000, 0x00000000e1700000, 0x00000000e1800000|  0%| F|  |TAMS 0x00000000e1700000, 0x00000000e1700000| Untracked 
|  24|0x00000000e1800000, 0x00000000e1800000, 0x00000000e1900000|  0%| F|  |TAMS 0x00000000e1800000, 0x00000000e1800000| Untracked 
|  25|0x00000000e1900000, 0x00000000e1900000, 0x00000000e1a00000|  0%| F|  |TAMS 0x00000000e1900000, 0x00000000e1900000| Untracked 
|  26|0x00000000e1a00000, 0x00000000e1a00000, 0x00000000e1b00000|  0%| F|  |TAMS 0x00000000e1a00000, 0x00000000e1a00000| Untracked 
|  27|0x00000000e1b00000, 0x00000000e1b00000, 0x00000000e1c00000|  0%| F|  |TAMS 0x00000000e1b00000, 0x00000000e1b00000| Untracked 
|  28|0x00000000e1c00000, 0x00000000e1c00000, 0x00000000e1d00000|  0%| F|  |TAMS 0x00000000e1c00000, 0x00000000e1c00000| Untracked 
|  29|0x00000000e1d00000, 0x00000000e1d00000, 0x00000000e1e00000|  0%| F|  |TAMS 0x00000000e1d00000, 0x00000000e1d00000| Untracked 
|  30|0x00000000e1e00000, 0x00000000e1e00000, 0x00000000e1f00000|  0%| F|  |TAMS 0x00000000e1e00000, 0x00000000e1e00000| Untracked 
|  31|0x00000000e1f00000, 0x00000000e1f00000, 0x00000000e2000000|  0%| F|  |TAMS 0x00000000e1f00000, 0x00000000e1f00000| Untracked 
|  32|0x00000000e2000000, 0x00000000e2000000, 0x00000000e2100000|  0%| F|  |TAMS 0x00000000e2000000, 0x00000000e2000000| Untracked 
|  33|0x00000000e2100000, 0x00000000e2100000, 0x00000000e2200000|  0%| F|  |TAMS 0x00000000e2100000, 0x00000000e2100000| Untracked 
|  34|0x00000000e2200000, 0x00000000e2200000, 0x00000000e2300000|  0%| F|  |TAMS 0x00000000e2200000, 0x00000000e2200000| Untracked 
|  35|0x00000000e2300000, 0x00000000e2300000, 0x00000000e2400000|  0%| F|  |TAMS 0x00000000e2300000, 0x00000000e2300000| Untracked 
|  36|0x00000000e2400000, 0x00000000e247d6f8, 0x00000000e2500000| 48%| E|  |TAMS 0x00000000e2400000, 0x00000000e2400000| Complete 
|  37|0x00000000e2500000, 0x00000000e2600000, 0x00000000e2600000|100%| E|CS|TAMS 0x00000000e2500000, 0x00000000e2500000| Complete 
|  38|0x00000000e2600000, 0x00000000e2670908, 0x00000000e2700000| 43%| S|CS|TAMS 0x00000000e2600000, 0x00000000e2600000| Complete 
|  39|0x00000000e2700000, 0x00000000e2800000, 0x00000000e2800000|100%| E|CS|TAMS 0x00000000e2700000, 0x00000000e2700000| Complete 

Card table byte_map: [0x0000023052d40000,0x0000023052e40000] _byte_map_base: 0x0000023052640000

Marking Bits (Prev, Next): (CMBitMap*) 0x0000023039ad6b70, (CMBitMap*) 0x0000023039ad6b38
 Prev Bits: [0x0000023053740000, 0x0000023053f40000)
 Next Bits: [0x0000023052f40000, 0x0000023053740000)

Polling page: 0x000002303b990000

Metaspace:

Usage:
  Non-class:     16.42 MB capacity,    16.15 MB ( 98%) used,   240.38 KB (  1%) free+waste,    39.06 KB ( <1%) overhead. 
      Class:      2.08 MB capacity,     1.90 MB ( 91%) used,   167.42 KB (  8%) free+waste,    19.00 KB ( <1%) overhead. 
       Both:     18.50 MB capacity,    18.05 MB ( 98%) used,   407.80 KB (  2%) free+waste,    58.06 KB ( <1%) overhead. 

Virtual space:
  Non-class space:       18.00 MB reserved,      16.50 MB ( 92%) committed 
      Class space:       64.00 MB reserved,       2.12 MB (  3%) committed 
             Both:       82.00 MB reserved,      18.62 MB ( 23%) committed 

Chunk freelists:
   Non-Class:  1.62 KB
       Class:  1.88 KB
        Both:  3.50 KB

CodeHeap 'non-profiled nmethods': size=120064Kb used=922Kb max_used=922Kb free=119141Kb
 bounds [0x000002304b0e0000, 0x000002304b350000, 0x0000023052620000]
CodeHeap 'profiled nmethods': size=120000Kb used=4089Kb max_used=4089Kb free=115910Kb
 bounds [0x0000023043bb0000, 0x0000023043fb0000, 0x000002304b0e0000]
CodeHeap 'non-nmethods': size=5696Kb used=1131Kb max_used=1144Kb free=4564Kb
 bounds [0x0000023043620000, 0x0000023043890000, 0x0000023043bb0000]
 total_blobs=2636 nmethods=2184 adapters=363
 compilation: enabled
              stopped_count=0, restarted_count=0
 full_count=0

Compilation events (10 events):
Event: 12.425 Thread 0x0000023037a76800 2182       1       java.lang.invoke.MethodHandleNatives::isPullModeBSM (2 bytes)
Event: 12.425 Thread 0x0000023037a76800 nmethod 2182 0x000002304b1c3d10 code [0x000002304b1c3ea0, 0x000002304b1c3f38]
Event: 12.425 Thread 0x0000023037a76800 2183       3       java.lang.invoke.ConstantCallSite::getTarget (20 bytes)
Event: 12.425 Thread 0x0000023037a76800 nmethod 2183 0x0000023043fab090 code [0x0000023043fab240, 0x0000023043fab448]
Event: 12.453 Thread 0x0000023037a76800 2184   !   3       com.sun.jmx.mbeanserver.Introspector::descriptorForAnnotations (242 bytes)
Event: 12.453 Thread 0x0000023037a78800 2185   !   4       java.util.concurrent.ConcurrentHashMap::putVal (432 bytes)
Event: 12.455 Thread 0x0000023037a76800 nmethod 2184 0x0000023043fab510 code [0x0000023043fab920, 0x0000023043fad728]
Event: 12.480 Thread 0x0000023037a78800 nmethod 2185 0x000002304b1c3f90 code [0x000002304b1c41a0, 0x000002304b1c55b0]
Event: 12.525 Thread 0x0000023037a78800 2187       4       java.util.TreeMap$PrivateEntryIterator::hasNext (13 bytes)
Event: 12.526 Thread 0x0000023037a78800 nmethod 2187 0x000002304b1c6690 code [0x000002304b1c6800, 0x000002304b1c6878]

GC Heap History (10 events):
Event: 9.256 GC heap before
{Heap before GC invocations=4 (full 2):
 garbage-first heap   total 40960K, used 28172K [0x00000000e0000000, 0x0000000100000000)
  region size 1024K, 15 young (15360K), 0 survivors (0K)
 Metaspace       used 10116K, capacity 10475K, committed 10496K, reserved 75776K
  class space    used 911K, capacity 1018K, committed 1024K, reserved 65536K
}
Event: 9.260 GC heap after
{Heap after GC invocations=5 (full 2):
 garbage-first heap   total 40960K, used 17771K [0x00000000e0000000, 0x0000000100000000)
  region size 1024K, 2 young (2048K), 2 survivors (2048K)
 Metaspace       used 10116K, capacity 10475K, committed 10496K, reserved 75776K
  class space    used 911K, capacity 1018K, committed 1024K, reserved 65536K
}
Event: 10.257 GC heap before
{Heap before GC invocations=5 (full 2):
 garbage-first heap   total 40960K, used 29035K [0x00000000e0000000, 0x0000000100000000)
  region size 1024K, 13 young (13312K), 2 survivors (2048K)
 Metaspace       used 11821K, capacity 12211K, committed 12416K, reserved 77824K
  class space    used 1149K, capacity 1283K, committed 1408K, reserved 65536K
}
Event: 10.261 GC heap after
{Heap after GC invocations=6 (full 2):
 garbage-first heap   total 40960K, used 18089K [0x00000000e0000000, 0x0000000100000000)
  region size 1024K, 1 young (1024K), 1 survivors (1024K)
 Metaspace       used 11821K, capacity 12211K, committed 12416K, reserved 77824K
  class space    used 1149K, capacity 1283K, committed 1408K, reserved 65536K
}
Event: 10.698 GC heap before
{Heap before GC invocations=6 (full 2):
 garbage-first heap   total 40960K, used 29353K [0x00000000e0000000, 0x0000000100000000)
  region size 1024K, 12 young (12288K), 1 survivors (1024K)
 Metaspace       used 13451K, capacity 13844K, committed 14080K, reserved 79872K
  class space    used 1355K, capacity 1485K, committed 1536K, reserved 65536K
}
Event: 10.700 GC heap after
{Heap after GC invocations=7 (full 2):
 garbage-first heap   total 40960K, used 18634K [0x00000000e0000000, 0x0000000100000000)
  region size 1024K, 1 young (1024K), 1 survivors (1024K)
 Metaspace       used 13451K, capacity 13844K, committed 14080K, reserved 79872K
  class space    used 1355K, capacity 1485K, committed 1536K, reserved 65536K
}
Event: 11.921 GC heap before
{Heap before GC invocations=8 (full 2):
 garbage-first heap   total 40960K, used 28874K [0x00000000e0000000, 0x0000000100000000)
  region size 1024K, 12 young (12288K), 1 survivors (1024K)
 Metaspace       used 16646K, capacity 17048K, committed 17280K, reserved 81920K
  class space    used 1724K, capacity 1880K, committed 1920K, reserved 65536K
}
Event: 11.926 GC heap after
{Heap after GC invocations=9 (full 2):
 garbage-first heap   total 40960K, used 19561K [0x00000000e0000000, 0x0000000100000000)
  region size 1024K, 2 young (2048K), 2 survivors (2048K)
 Metaspace       used 16646K, capacity 17048K, committed 17280K, reserved 81920K
  class space    used 1724K, capacity 1880K, committed 1920K, reserved 65536K
}
Event: 12.287 GC heap before
{Heap before GC invocations=9 (full 2):
 garbage-first heap   total 40960K, used 20585K [0x00000000e0000000, 0x0000000100000000)
  region size 1024K, 3 young (3072K), 2 survivors (2048K)
 Metaspace       used 17810K, capacity 18194K, committed 18432K, reserved 81920K
  class space    used 1860K, capacity 2028K, committed 2048K, reserved 65536K
}
Event: 12.293 GC heap after
{Heap after GC invocations=10 (full 2):
 garbage-first heap   total 40960K, used 18048K [0x00000000e0000000, 0x0000000100000000)
  region size 1024K, 1 young (1024K), 1 survivors (1024K)
 Metaspace       used 17810K, capacity 18194K, committed 18432K, reserved 81920K
  class space    used 1860K, capacity 2028K, committed 2048K, reserved 65536K
}

Deoptimization events (10 events):
Event: 11.471 Thread 0x00000230393dd800 Uncommon trap: reason=loop_limit_check action=maybe_recompile pc=0x000002304b109a60 method=java.lang.StringLatin1.lastIndexOf([BII)I @ 19 c2
Event: 11.684 Thread 0x00000230393dd800 Uncommon trap: reason=unstable_if action=reinterpret pc=0x000002304b0e3970 method=java.lang.String.isLatin1()Z @ 10 c2
Event: 11.827 Thread 0x00000230393dd800 Uncommon trap: reason=unstable_if action=reinterpret pc=0x000002304b19cf3c method=sun.reflect.generics.parser.SignatureParser.current()C @ 39 c2
Event: 12.092 Thread 0x00000230393dd800 Uncommon trap: reason=loop_limit_check action=maybe_recompile pc=0x000002304b1b3110 method=java.lang.invoke.LambdaForm$Name.useCount(Ljava/lang/invoke/LambdaForm$Name;)I @ 21 c2
Event: 12.334 Thread 0x00000230393dd800 Uncommon trap: reason=unstable_if action=reinterpret pc=0x000002304b1a9b68 method=java.lang.Integer.getChars(II[B)I @ 25 c2
Event: 12.334 Thread 0x00000230393dd800 Uncommon trap: reason=unstable_if action=reinterpret pc=0x000002304b1913fc method=java.lang.Integer.getChars(II[B)I @ 25 c2
Event: 12.335 Thread 0x00000230393dd800 Uncommon trap: reason=class_check action=maybe_recompile pc=0x000002304b143408 method=java.util.stream.ReferencePipeline$3$1.accept(Ljava/lang/Object;)V @ 12 c2
Event: 12.335 Thread 0x00000230393dd800 Uncommon trap: reason=class_check action=maybe_recompile pc=0x000002304b143408 method=java.util.stream.ReferencePipeline$3$1.accept(Ljava/lang/Object;)V @ 12 c2
Event: 12.335 Thread 0x00000230393dd800 Uncommon trap: reason=class_check action=maybe_recompile pc=0x000002304b143408 method=java.util.stream.ReferencePipeline$3$1.accept(Ljava/lang/Object;)V @ 12 c2
Event: 12.336 Thread 0x00000230393dd800 Uncommon trap: reason=unstable_if action=reinterpret pc=0x000002304b190198 method=java.lang.Integer.getChars(II[B)I @ 25 c2

Classes redefined (0 events):
No events

Internal exceptions (10 events):
Event: 11.504 Thread 0x00000230393dd800 Exception <a 'java/lang/NoSuchMethodError'{0x00000000e22f2518}: java.lang.invoke.DirectMethodHandle$Holder.invokeStatic(Ljava/lang/Object;Ljava/lang/Object;Ljava/lang/Object;Ljava/lang/Object;Ljava/lang/Object;Ljava/lang/Object;Ljava/lang/Object;Ljava/lan
Event: 11.506 Thread 0x00000230393dd800 Exception <a 'java/lang/NoSuchMethodError'{0x00000000e2110c18}: java.lang.invoke.DirectMethodHandle$Holder.invokeStatic(Ljava/lang/Object;Ljava/lang/Object;Ljava/lang/Object;Ljava/lang/Object;Ljava/lang/Object;Ljava/lang/Object;Ljava/lang/Object;Ljava/lan
Event: 11.508 Thread 0x00000230393dd800 Exception <a 'java/lang/NoSuchMethodError'{0x00000000e212fc48}: java.lang.invoke.DirectMethodHandle$Holder.invokeStatic(Ljava/lang/Object;Ljava/lang/Object;Ljava/lang/Object;Ljava/lang/Object;Ljava/lang/Object;Ljava/lang/Object;Ljava/lang/Object;Ljava/lan
Event: 11.510 Thread 0x00000230393dd800 Exception <a 'java/lang/NoSuchMethodError'{0x00000000e2150550}: java.lang.invoke.DirectMethodHandle$Holder.invokeStatic(Ljava/lang/Object;Ljava/lang/Object;Ljava/lang/Object;Ljava/lang/Object;Ljava/lang/Object;Ljava/lang/Object;Ljava/lang/Object;Ljava/lan
Event: 11.722 Thread 0x00000230393dd800 Exception <a 'java/lang/NoSuchMethodError'{0x00000000e21f7268}: java.lang.invoke.DirectMethodHandle$Holder.invokeStatic(Ljava/lang/Object;Ljava/lang/Object;Ljava/lang/Object;Ljava/lang/Object;Ljava/lang/Object;)I> (0x00000000e21f7268) thrown at [./open/sr
Event: 11.787 Thread 0x00000230393dd800 Exception <a 'java/lang/NoSuchMethodError'{0x00000000e20ed7e8}: java.lang.invoke.DirectMethodHandle$Holder.invokeStatic(Ljava/lang/Object;Ljava/lang/Object;Ljava/lang/Object;Ljava/lang/Object;)V> (0x00000000e20ed7e8) thrown at [./open/src/hotspot/share/in
Event: 11.788 Thread 0x00000230393dd800 Exception <a 'java/lang/NoSuchMethodError'{0x00000000e20f0930}: java.lang.invoke.DirectMethodHandle$Holder.invokeStaticInit(Ljava/lang/Object;Ljava/lang/Object;Ljava/lang/Object;Ljava/lang/Object;)V> (0x00000000e20f0930) thrown at [./open/src/hotspot/shar
Event: 12.092 Thread 0x00000230393dd800 Exception <a 'java/lang/NoSuchMethodError'{0x00000000e2754150}: java.lang.invoke.DirectMethodHandle$Holder.invokeInterface(Ljava/lang/Object;Ljava/lang/Object;)I> (0x00000000e2754150) thrown at [./open/src/hotspot/share/interpreter/linkResolver.cpp, line 
Event: 12.093 Thread 0x00000230393dd800 Exception <a 'java/lang/IncompatibleClassChangeError'{0x00000000e2756ee8}: Found class java.lang.Object, but interface was expected> (0x00000000e2756ee8) thrown at [./open/src/hotspot/share/interpreter/linkResolver.cpp, line 838]
Event: 12.259 Thread 0x00000230393dd800 Exception <a 'java/lang/NoSuchMethodError'{0x00000000e27dc100}: java.lang.invoke.DirectMethodHandle$Holder.invokeStatic(Ljava/lang/Object;Ljava/lang/Object;Ljava/lang/Object;Ljava/lang/Object;Ljava/lang/Object;)V> (0x00000000e27dc100) thrown at [./open/sr

Events (10 events):
Event: 12.580 Executing VM operation: ThreadDump
Event: 12.580 Executing VM operation: ThreadDump done
Event: 12.581 Executing VM operation: RevokeBias
Event: 12.581 Executing VM operation: RevokeBias done
Event: 12.638 Thread 0x00000230574f9800 Thread exited: 0x00000230574f9800
Event: 12.638 Executing VM operation: RevokeBias
Event: 12.638 Executing VM operation: RevokeBias done
Event: 12.639 Thread 0x0000023057a2e000 Thread exited: 0x0000023057a2e000
Event: 12.640 Thread 0x000002303a2ba800 Thread exited: 0x000002303a2ba800
Event: 12.640 Executing VM operation: Exit


Dynamic libraries:
0x00007ff7cdfb0000 - 0x00007ff7cdfcc000 	C:\Program Files\Python39\python.exe
0x00007ffc5af90000 - 0x00007ffc5b186000 	C:\WINDOWS\SYSTEM32\ntdll.dll
0x00007ffc59f10000 - 0x00007ffc59fcd000 	C:\WINDOWS\System32\KERNEL32.DLL
0x00007ffc58ca0000 - 0x00007ffc58f68000 	C:\WINDOWS\System32\KERNELBASE.dll
0x00007ffc589d0000 - 0x00007ffc58ad0000 	C:\WINDOWS\System32\ucrtbase.dll
0x00007ffc13070000 - 0x00007ffc134ec000 	C:\Program Files\Python39\python39.dll
0x00007ffc49840000 - 0x00007ffc4985b000 	C:\Program Files\Python39\VCRUNTIME140.dll
0x00007ffc5ae80000 - 0x00007ffc5aeeb000 	C:\WINDOWS\System32\WS2_32.dll
0x00007ffc590e0000 - 0x00007ffc59204000 	C:\WINDOWS\System32\RPCRT4.dll
0x00007ffc51d90000 - 0x00007ffc51d9a000 	C:\WINDOWS\SYSTEM32\VERSION.dll
0x00007ffc599e0000 - 0x00007ffc59a8c000 	C:\WINDOWS\System32\ADVAPI32.dll
0x00007ffc59ab0000 - 0x00007ffc59b4e000 	C:\WINDOWS\System32\msvcrt.dll
0x00007ffc59750000 - 0x00007ffc597eb000 	C:\WINDOWS\System32\sechost.dll
0x00007ffc58190000 - 0x00007ffc581a8000 	C:\WINDOWS\SYSTEM32\CRYPTSP.dll
0x00007ffc578d0000 - 0x00007ffc57904000 	C:\WINDOWS\system32\rsaenh.dll
0x00007ffc58c70000 - 0x00007ffc58c97000 	C:\WINDOWS\System32\bcrypt.dll
0x00007ffc58180000 - 0x00007ffc5818c000 	C:\WINDOWS\SYSTEM32\CRYPTBASE.dll
0x00007ffc587c0000 - 0x00007ffc5883f000 	C:\WINDOWS\System32\bcryptPrimitives.dll
0x00007ffc53d40000 - 0x00007ffc53d4f000 	C:\Program Files\Python39\python3.DLL
0x00007ffc49670000 - 0x00007ffc49686000 	C:\Program Files\Python39\DLLs\_socket.pyd
0x00007ffc57c50000 - 0x00007ffc57c8b000 	C:\WINDOWS\SYSTEM32\IPHLPAPI.DLL
0x00007ffc53c40000 - 0x00007ffc53c4a000 	C:\Program Files\Python39\DLLs\select.pyd
0x00007ffc3ab70000 - 0x00007ffc3ab97000 	C:\Program Files\Python39\DLLs\_ssl.pyd
0x00007ffc58840000 - 0x00007ffc5899d000 	C:\WINDOWS\System32\CRYPT32.dll
0x00007ffc0cfa0000 - 0x00007ffc0d2f0000 	C:\Program Files\Python39\DLLs\libcrypto-1_1.dll
0x00007ffc1b790000 - 0x00007ffc1b83d000 	C:\Program Files\Python39\DLLs\libssl-1_1.dll
0x00007ffc5a0f0000 - 0x00007ffc5a290000 	C:\WINDOWS\System32\USER32.dll
0x00007ffc589a0000 - 0x00007ffc589c2000 	C:\WINDOWS\System32\win32u.dll
0x00007ffc5ac60000 - 0x00007ffc5ac8a000 	C:\WINDOWS\System32\GDI32.dll
0x00007ffc58f70000 - 0x00007ffc59079000 	C:\WINDOWS\System32\gdi32full.dll
0x00007ffc58ad0000 - 0x00007ffc58b6d000 	C:\WINDOWS\System32\msvcp_win.dll
0x00007ffc5ae50000 - 0x00007ffc5ae80000 	C:\WINDOWS\System32\IMM32.DLL
0x00007ffc49430000 - 0x00007ffc49442000 	C:\Program Files\Python39\DLLs\_asyncio.pyd
0x00007ffc53180000 - 0x00007ffc5318e000 	C:\Program Files\Python39\DLLs\_overlapped.pyd
0x00007ffc57fb0000 - 0x00007ffc5801a000 	C:\WINDOWS\system32\mswsock.dll
0x00007ffc48fc0000 - 0x00007ffc48fd7000 	C:\Program Files\Python39\DLLs\_bz2.pyd
0x00007ffc3a990000 - 0x00007ffc3a9ba000 	C:\Program Files\Python39\DLLs\_lzma.pyd
0x00007ffc501e0000 - 0x00007ffc501e9000 	C:\Program Files\Python39\DLLs\_queue.pyd
0x00007ffc3a950000 - 0x00007ffc3a971000 	C:\Program Files\Python39\DLLs\_ctypes.pyd
0x00007ffc5ad20000 - 0x00007ffc5ae4a000 	C:\WINDOWS\System32\ole32.dll
0x00007ffc59b50000 - 0x00007ffc59ea5000 	C:\WINDOWS\System32\combase.dll
0x00007ffc4f9b0000 - 0x00007ffc4f9bb000 	C:\Program Files\Python39\DLLs\libffi-7.dll
0x00007ffc59680000 - 0x00007ffc5974d000 	C:\WINDOWS\System32\OLEAUT32.dll
0x00007ffc484b0000 - 0x00007ffc484c2000 	C:\Program Files\Python39\DLLs\_hashlib.pyd
0x00007ffc34740000 - 0x00007ffc34783000 	C:\Program Files\Python39\DLLs\_decimal.pyd
0x00007ffc19710000 - 0x00007ffc19824000 	C:\Program Files\Python39\DLLs\unicodedata.pyd
0x00007ffc4b700000 - 0x00007ffc4b70e000 	C:\Program Files\Python39\DLLs\_zoneinfo.pyd
0x00007ffc49280000 - 0x00007ffc49289000 	C:\Program Files\Python39\DLLs\_uuid.pyd
0x00007ffc361b0000 - 0x00007ffc361d4000 	C:\Users\PC\Desktop\Cosider_Project_GC\.venv\lib\site-packages\pyodbc.cp39-win_amd64.pyd
0x00007ffc34260000 - 0x00007ffc34318000 	C:\WINDOWS\SYSTEM32\ODBC32.dll
0x00007ffc57910000 - 0x00007ffc5791a000 	C:\WINDOWS\SYSTEM32\DPAPI.DLL
0x00007ffc07be0000 - 0x00007ffc07fbc000 	C:\Users\PC\Desktop\Cosider_Project_GC\.venv\lib\site-packages\numpy\_core\_multiarray_umath.cp39-win_amd64.pyd
0x00007ffc1b6f0000 - 0x00007ffc1b78b000 	C:\Users\PC\Desktop\Cosider_Project_GC\.venv\lib\site-packages\numpy.libs\msvcp140-8021418012832a07a8ca5105a33b1086.dll
0x00007ffbca8e0000 - 0x00007ffbcc9ba000 	C:\Users\PC\Desktop\Cosider_Project_GC\.venv\lib\site-packages\numpy.libs\libscipy_openblas64_-fb1711452d4d8cee9f276fd1449ee5c7.dll
0x00007ffc474f0000 - 0x00007ffc47503000 	C:\Users\PC\Desktop\Cosider_Project_GC\.venv\lib\site-packages\numpy\_core\_multiarray_tests.cp39-win_amd64.pyd
0x00007ffc46700000 - 0x00007ffc4671e000 	C:\Users\PC\Desktop\Cosider_Project_GC\.venv\lib\site-packages\numpy\linalg\_umath_linalg.cp39-win_amd64.pyd
0x00007ffc34820000 - 0x00007ffc34854000 	C:\Program Files\Python39\DLLs\pyexpat.pyd
0x00007ffc345e0000 - 0x00007ffc34611000 	C:\Program Files\Python39\DLLs\_elementtree.pyd
0x00007ffc14370000 - 0x00007ffc145b0000 	C:\Users\PC\Desktop\Cosider_Project_GC\.venv\lib\site-packages\PIL\_imaging.cp39-win_amd64.pyd
0x00007ffc567a0000 - 0x00007ffc567b2000 	C:\WINDOWS\SYSTEM32\kernel.appcore.dll
0x00007ffc53020000 - 0x00007ffc53050000 	C:\Users\PC\Desktop\Cosider_Project_GC\.venv\lib\site-packages\numpy\random\bit_generator.cp39-win_amd64.pyd
0x00007ffc52ff0000 - 0x00007ffc53020000 	C:\Users\PC\Desktop\Cosider_Project_GC\.venv\lib\site-packages\numpy\random\_common.cp39-win_amd64.pyd
0x00007ffc486a0000 - 0x00007ffc48742000 	C:\Users\PC\Desktop\Cosider_Project_GC\.venv\lib\site-packages\numpy\random\mtrand.cp39-win_amd64.pyd
0x00007ffc48650000 - 0x00007ffc48692000 	C:\Users\PC\Desktop\Cosider_Project_GC\.venv\lib\site-packages\numpy\random\_bounded_integers.cp39-win_amd64.pyd
0x00007ffc50040000 - 0x00007ffc5005b000 	C:\Users\PC\Desktop\Cosider_Project_GC\.venv\lib\site-packages\numpy\random\_mt19937.cp39-win_amd64.pyd
0x00007ffc4b400000 - 0x00007ffc4b418000 	C:\Users\PC\Desktop\Cosider_Project_GC\.venv\lib\site-packages\numpy\random\_philox.cp39-win_amd64.pyd
0x00007ffc48c10000 - 0x00007ffc48c2c000 	C:\Users\PC\Desktop\Cosider_Project_GC\.venv\lib\site-packages\numpy\random\_pcg64.cp39-win_amd64.pyd
0x00007ffc48630000 - 0x00007ffc48644000 	C:\Users\PC\Desktop\Cosider_Project_GC\.venv\lib\site-packages\numpy\random\_sfc64.cp39-win_amd64.pyd
0x00007ffc1afe0000 - 0x00007ffc1b09e000 	C:\Users\PC\Desktop\Cosider_Project_GC\.venv\lib\site-packages\numpy\random\_generator.cp39-win_amd64.pyd
0x00007ffc55da0000 - 0x00007ffc55dab000 	C:\Users\PC\Desktop\Cosider_Project_GC\.venv\lib\site-packages\pandas\_libs\pandas_parser.cp39-win_amd64.pyd
0x00007ffc49020000 - 0x00007ffc4902c000 	C:\Users\PC\Desktop\Cosider_Project_GC\.venv\lib\site-packages\pandas\_libs\pandas_datetime.cp39-win_amd64.pyd
0x00007ffc19510000 - 0x00007ffc19628000 	C:\Users\PC\Desktop\Cosider_Project_GC\.venv\lib\site-packages\pandas\_libs\interval.cp39-win_amd64.pyd
0x00007ffc17220000 - 0x00007ffc173e6000 	C:\Users\PC\Desktop\Cosider_Project_GC\.venv\lib\site-packages\pandas\_libs\hashtable.cp39-win_amd64.pyd
0x00007ffc48600000 - 0x00007ffc48630000 	C:\Users\PC\Desktop\Cosider_Project_GC\.venv\lib\site-packages\pandas\_libs\missing.cp39-win_amd64.pyd
0x00007ffc3e470000 - 0x00007ffc3e49e000 	C:\Users\PC\Desktop\Cosider_Project_GC\.venv\lib\site-packages\pandas\_libs\tslibs\dtypes.cp39-win_amd64.pyd
0x00007ffc45080000 - 0x00007ffc45095000 	C:\Users\PC\Desktop\Cosider_Project_GC\.venv\lib\site-packages\pandas\_libs\tslibs\ccalendar.cp39-win_amd64.pyd
0x00007ffc44f20000 - 0x00007ffc44f40000 	C:\Users\PC\Desktop\Cosider_Project_GC\.venv\lib\site-packages\pandas\_libs\tslibs\np_datetime.cp39-win_amd64.pyd
0x00007ffc3b350000 - 0x00007ffc3b38c000 	C:\Users\PC\Desktop\Cosider_Project_GC\.venv\lib\site-packages\pandas\_libs\tslibs\conversion.cp39-win_amd64.pyd
0x00007ffc3e450000 - 0x00007ffc3e461000 	C:\Users\PC\Desktop\Cosider_Project_GC\.venv\lib\site-packages\pandas\_libs\tslibs\base.cp39-win_amd64.pyd
0x00007ffc1af00000 - 0x00007ffc1afde000 	C:\Users\PC\Desktop\Cosider_Project_GC\.venv\lib\site-packages\pandas\_libs\tslibs\offsets.cp39-win_amd64.pyd
0x00007ffc33360000 - 0x00007ffc333e1000 	C:\Users\PC\Desktop\Cosider_Project_GC\.venv\lib\site-packages\pandas\_libs\tslibs\timestamps.cp39-win_amd64.pyd
0x00007ffc3b310000 - 0x00007ffc3b345000 	C:\Users\PC\Desktop\Cosider_Project_GC\.venv\lib\site-packages\pandas\_libs\tslibs\nattype.cp39-win_amd64.pyd
0x00007ffc301f0000 - 0x00007ffc30268000 	C:\Users\PC\Desktop\Cosider_Project_GC\.venv\lib\site-packages\pandas\_libs\tslibs\timedeltas.cp39-win_amd64.pyd
0x00007ffc3aa40000 - 0x00007ffc3aa7a000 	C:\Users\PC\Desktop\Cosider_Project_GC\.venv\lib\site-packages\pandas\_libs\tslibs\timezones.cp39-win_amd64.pyd
0x0000023038e20000 - 0x0000023038e23000 	C:\WINDOWS\SYSTEM32\tzres.dll
0x00007ffc3a9d0000 - 0x00007ffc3aa16000 	C:\Users\PC\Desktop\Cosider_Project_GC\.venv\lib\site-packages\pandas\_libs\tslibs\fields.cp39-win_amd64.pyd
0x00007ffc345a0000 - 0x00007ffc345e0000 	C:\Users\PC\Desktop\Cosider_Project_GC\.venv\lib\site-packages\pandas\_libs\tslibs\tzconversion.cp39-win_amd64.pyd
0x00007ffc32b60000 - 0x00007ffc32b74000 	C:\Users\PC\Desktop\Cosider_Project_GC\.venv\lib\site-packages\pandas\_libs\properties.cp39-win_amd64.pyd
0x00007ffc2e220000 - 0x00007ffc2e273000 	C:\Users\PC\Desktop\Cosider_Project_GC\.venv\lib\site-packages\pandas\_libs\tslibs\parsing.cp39-win_amd64.pyd
0x00007ffc21250000 - 0x00007ffc2129e000 	C:\Users\PC\Desktop\Cosider_Project_GC\.venv\lib\site-packages\pandas\_libs\tslibs\strptime.cp39-win_amd64.pyd
0x00007ffc1b940000 - 0x00007ffc1b9a8000 	C:\Users\PC\Desktop\Cosider_Project_GC\.venv\lib\site-packages\pandas\_libs\tslibs\period.cp39-win_amd64.pyd
0x00007ffc21210000 - 0x00007ffc21242000 	C:\Users\PC\Desktop\Cosider_Project_GC\.venv\lib\site-packages\pandas\_libs\tslibs\vectorized.cp39-win_amd64.pyd
0x00007ffc325b0000 - 0x00007ffc325c1000 	C:\Users\PC\Desktop\Cosider_Project_GC\.venv\lib\site-packages\pandas\_libs\ops_dispatch.cp39-win_amd64.pyd
0x00007ffc14e30000 - 0x00007ffc14ff3000 	C:\Users\PC\Desktop\Cosider_Project_GC\.venv\lib\site-packages\pandas\_libs\algos.cp39-win_amd64.pyd
0x00007ffc1ac90000 - 0x00007ffc1ad34000 	C:\Users\PC\Desktop\Cosider_Project_GC\.venv\lib\site-packages\pandas\_libs\lib.cp39-win_amd64.pyd
0x00007ffc20f10000 - 0x00007ffc20f45000 	C:\Users\PC\Desktop\Cosider_Project_GC\.venv\lib\site-packages\pandas\_libs\ops.cp39-win_amd64.pyd
0x00007ffc30160000 - 0x00007ffc3018c000 	C:\Users\PC\Desktop\Cosider_Project_GC\.venv\lib\site-packages\pandas\_libs\hashing.cp39-win_amd64.pyd
0x00007ffc30d20000 - 0x00007ffc30d3c000 	C:\Users\PC\Desktop\Cosider_Project_GC\.venv\lib\site-packages\pandas\_libs\arrays.cp39-win_amd64.pyd
0x00007ffc1c2e0000 - 0x00007ffc1c322000 	C:\Users\PC\Desktop\Cosider_Project_GC\.venv\lib\site-packages\pandas\_libs\tslib.cp39-win_amd64.pyd
0x00007ffc19230000 - 0x00007ffc19301000 	C:\Users\PC\Desktop\Cosider_Project_GC\.venv\lib\site-packages\pandas\_libs\sparse.cp39-win_amd64.pyd
0x00007ffc1b8d0000 - 0x00007ffc1b920000 	C:\Users\PC\Desktop\Cosider_Project_GC\.venv\lib\site-packages\pandas\_libs\internals.cp39-win_amd64.pyd
0x00007ffc2e200000 - 0x00007ffc2e212000 	C:\Users\PC\Desktop\Cosider_Project_GC\.venv\lib\site-packages\pandas\_libs\indexing.cp39-win_amd64.pyd
0x00007ffc17590000 - 0x00007ffc17644000 	C:\Users\PC\Desktop\Cosider_Project_GC\.venv\lib\site-packages\pandas\_libs\index.cp39-win_amd64.pyd
0x00007ffc1c250000 - 0x00007ffc1c283000 	C:\Users\PC\Desktop\Cosider_Project_GC\.venv\lib\site-packages\pandas\_libs\writers.cp39-win_amd64.pyd
0x00007ffc15610000 - 0x00007ffc15726000 	C:\Users\PC\Desktop\Cosider_Project_GC\.venv\lib\site-packages\pandas\_libs\join.cp39-win_amd64.pyd
0x00007ffc1b410000 - 0x00007ffc1b469000 	C:\Users\PC\Desktop\Cosider_Project_GC\.venv\lib\site-packages\pandas\_libs\window\aggregations.cp39-win_amd64.pyd
0x00007ffc48970000 - 0x00007ffc4897c000 	C:\Program Files\Python39\VCRUNTIME140_1.dll
0x00007ffc12fd0000 - 0x00007ffc1306b000 	C:\Users\PC\Desktop\Cosider_Project_GC\.venv\lib\site-packages\pandas.libs\msvcp140-ef6047a69b174ada5cb2eff1d2bc9a62.dll
0x00007ffc1f3d0000 - 0x00007ffc1f3fb000 	C:\Users\PC\Desktop\Cosider_Project_GC\.venv\lib\site-packages\pandas\_libs\window\indexers.cp39-win_amd64.pyd
0x00007ffc1b570000 - 0x00007ffc1b5af000 	C:\Users\PC\Desktop\Cosider_Project_GC\.venv\lib\site-packages\pandas\_libs\reshape.cp39-win_amd64.pyd
0x00007ffc079c0000 - 0x00007ffc07bdb000 	C:\Users\PC\Desktop\Cosider_Project_GC\.venv\lib\site-packages\pandas\_libs\groupby.cp39-win_amd64.pyd
0x00007ffc26450000 - 0x00007ffc26461000 	C:\Users\PC\Desktop\Cosider_Project_GC\.venv\lib\site-packages\pandas\_libs\json.cp39-win_amd64.pyd
0x00007ffc196a0000 - 0x00007ffc19706000 	C:\Users\PC\Desktop\Cosider_Project_GC\.venv\lib\site-packages\pandas\_libs\parsers.cp39-win_amd64.pyd
0x00007ffc25ec0000 - 0x00007ffc25ed9000 	C:\Users\PC\Desktop\Cosider_Project_GC\.venv\lib\site-packages\pandas\_libs\testing.cp39-win_amd64.pyd
0x00007ffc07220000 - 0x00007ffc079b5000 	C:\Users\PC\Desktop\Cosider_Project_GC\.venv\lib\site-packages\cryptography\hazmat\bindings\_rust.pyd
0x00007ffc194d0000 - 0x00007ffc19503000 	C:\Users\PC\Desktop\Cosider_Project_GC\.venv\lib\site-packages\_cffi_backend.cp39-win_amd64.pyd
0x00007ffc191b0000 - 0x00007ffc19226000 	C:\Users\PC\Desktop\Cosider_Project_GC\.venv\lib\site-packages\_jpype.cp39-win_amd64.pyd
0x00007ffc2e140000 - 0x00007ffc2e1cd000 	C:\WINDOWS\SYSTEM32\MSVCP140.dll
0x00007ffc07030000 - 0x00007ffc07217000 	C:\WINDOWS\system32\msodbcsql18.dll
0x00007ffc5a510000 - 0x00007ffc5ac51000 	C:\WINDOWS\System32\SHELL32.dll
0x00007ffc3e8c0000 - 0x00007ffc3e8d8000 	C:\WINDOWS\system32\NETAPI32.dll
0x00007ffc3e860000 - 0x00007ffc3e86c000 	C:\WINDOWS\system32\Secur32.dll
0x00007ffc39fc0000 - 0x00007ffc3a49a000 	C:\WINDOWS\system32\WININET.dll
0x00007ffc582a0000 - 0x00007ffc582c7000 	C:\WINDOWS\system32\ncrypt.dll
0x00007ffc586a0000 - 0x00007ffc586dc000 	C:\WINDOWS\system32\SSPICLI.DLL
0x00007ffc58260000 - 0x00007ffc5829b000 	C:\WINDOWS\system32\NTASN1.dll
0x00007ffc48790000 - 0x00007ffc4879f000 	C:\WINDOWS\SYSTEM32\MTXDM.DLL
0x00007ffc597f0000 - 0x00007ffc59899000 	C:\WINDOWS\System32\clbcatq.dll

dbghelp: loaded successfully - version: 4.0.5 - missing functions: none
symbol engine: initialized successfully - sym options: 0x614 - pdb path: .;C:\Program Files\Python39;C:\WINDOWS\SYSTEM32;C:\Program Files\Python39\DLLs;C:\Users\PC\Desktop\Cosider_Project_GC\.venv\lib\site-packages;C:\Users\PC\Desktop\Cosider_Project_GC\.venv\lib\site-packages\numpy\_core;C:\Users\PC\Desktop\Cosider_Project_GC\.venv\lib\site-packages\numpy.libs;C:\Users\PC\Desktop\Cosider_Project_GC\.venv\lib\site-packages\numpy\linalg;C:\Users\PC\Desktop\Cosider_Project_GC\.venv\lib\site-packages\PIL;C:\Users\PC\Desktop\Cosider_Project_GC\.venv\lib\site-packages\numpy\random;C:\Users\PC\Desktop\Cosider_Project_GC\.venv\lib\site-packages\pandas\_libs;C:\Users\PC\Desktop\Cosider_Project_GC\.venv\lib\site-packages\pandas\_libs\tslibs;C:\Users\PC\Desktop\Cosider_Project_GC\.venv\lib\site-packages\pandas\_libs\window;C:\Users\PC\Desktop\Cosider_Project_GC\.venv\lib\site-packages\pandas.libs;C:\Users\PC\Desktop\Cosider_Project_GC\.venv\lib\site-packages\cryptography\hazmat\bindings;C:\WINDOWS\system32\1036;C:\Program Files\Java\jdk-11\bin\server;C:\Program Files\Java\jdk-11\bin

VM Arguments:
jvm_args: -Djava.system.class.loader=org.update4j.DynamicClassLoader -Dlog4j.configurationFile=C:\Users\PC\Desktop\Cosider_Project_GC\.venv\lib\site-packages\pyreportjasper\libs\log4j2.xml -XX:InitialHeapSize=512M -XX:CompressedClassSpaceSize=64M -XX:MaxMetaspaceSize=128M -Xmx512M 
java_command: <unknown>
java_class_path (initial): C:\Users\PC\Desktop\Cosider_Project_GC\.venv\lib\site-packages\pyreportjasper\libs\acesseonline-1.0.jar;C:\Users\PC\Desktop\Cosider_Project_GC\.venv\lib\site-packages\pyreportjasper\libs\ant-1.10.11.jar;C:\Users\PC\Desktop\Cosider_Project_GC\.venv\lib\site-packages\pyreportjasper\libs\ant-launcher-1.10.11.jar;C:\Users\PC\Desktop\Cosider_Project_GC\.venv\lib\site-packages\pyreportjasper\libs\antlr-2.7.5.jar;C:\Users\PC\Desktop\Cosider_Project_GC\.venv\lib\site-packages\pyreportjasper\libs\avalon-framework-impl-4.2.0.jar;C:\Users\PC\Desktop\Cosider_Project_GC\.venv\lib\site-packages\pyreportjasper\libs\barbecue-1.5-beta1.jar;C:\Users\PC\Desktop\Cosider_Project_GC\.venv\lib\site-packages\pyreportjasper\libs\barcode4j-2.1.jar;C:\Users\PC\Desktop\Cosider_Project_GC\.venv\lib\site-packages\pyreportjasper\libs\batik-anim-1.17.jar;C:\Users\PC\Desktop\Cosider_Project_GC\.venv\lib\site-packages\pyreportjasper\libs\batik-awt-util-1.17.jar;C:\Users\PC\Desktop\Cosider_Project_GC\.venv\lib\site-packages\pyreportjasper\libs\batik-bridge-1.17.jar;C:\Users\PC\Desktop\Cosider_Project_GC\.venv\lib\site-packages\pyreportjasper\libs\batik-constants-1.17.jar;C:\Users\PC\Desktop\Cosider_Project_GC\.venv\lib\site-packages\pyreportjasper\libs\batik-css-1.17.jar;C:\Users\PC\Desktop\Cosider_Project_GC\.venv\lib\site-packages\pyreportjasper\libs\batik-dom-1.17.jar;C:\Users\PC\Desktop\Cosider_Project_GC\.venv\lib\site-packages\pyreportjasper\libs\batik-ext-1.17.jar;C:\Users\PC\Desktop\Cosider_Project_GC\.venv\lib\site-packages\pyreportjasper\libs\batik-gvt-1.17.jar;C:\Users\PC\Desktop\Cosider_Project_GC\.venv\lib\site-packages\pyreportjasper\libs\batik-i18n-1.17.jar;C:\Users\PC\Desktop\Cosider_Project_GC\.venv\lib\site-packages\pyreportjasper\libs\batik-parser-1.17.jar;C:\Users\PC\Desktop\Cosider_Project_GC\.venv\lib\site-packages\pyreportjasper\libs\batik-script-1.17.jar;C:\Users\PC\Desktop\Cosider_Project_GC\.venv\lib\site-packages\pyreportjasper\libs\batik-shared
Launcher Type: generic

[Global flags]
